Arguments: 
  /Users/julienbouland/.nvm/versions/node/v14.15.0/bin/node /Users/julienbouland/.nvm/versions/node/v14.15.0/bin/yarn

PATH: 
  ./bin:./node_modules/.bin:/Users/julienbouland/.nvm/versions/node/v14.15.0/bin:/Users/julienbouland/.pyenv/bin:/Users/julienbouland/.rbenv/shims:/Users/julienbouland/.rbenv/bin:/usr/local/bin:/usr/bin:/bin:/usr/sbin:/sbin:/Library/Apple/usr/bin:./bin:./node_modules/.bin:/Users/julienbouland/.nvm/versions/node/v14.15.0/bin:/Users/julienbouland/.pyenv/bin:/Users/julienbouland/.rbenv/shims:/Users/julienbouland/.rbenv/bin:/usr/local/sbin:/usr/local/sbin

Yarn version: 
  1.22.10

Node version: 
  14.15.0

Platform: 
  darwin x64

Trace: 
  Error: https://registry.yarnpkg.com/jsc-android/-/jsc-android-250230.2.1.tgz: ESOCKETTIMEDOUT
      at ClientRequest.<anonymous> (/Users/julienbouland/.nvm/versions/node/v14.15.0/lib/node_modules/yarn/lib/cli.js:141289:19)
      at Object.onceWrapper (events.js:421:28)
      at ClientRequest.emit (events.js:315:20)
      at TLSSocket.emitRequestTimeout (_http_client.js:784:9)
      at Object.onceWrapper (events.js:421:28)
      at TLSSocket.emit (events.js:327:22)
      at TLSSocket.Socket._onTimeout (net.js:483:8)
      at listOnTimeout (internal/timers.js:554:17)
      at processTimers (internal/timers.js:497:7)

npm manifest: 
  {
    "name": "foodcourt-front",
    "version": "1.0.0",
    "main": "node_modules/expo/AppEntry.js",
    "scripts": {
      "start": "expo start",
      "android": "expo start --android",
      "ios": "expo start --ios",
      "web": "expo start --web"
    },
    "dependencies": {
      "expo": "~47.0.6",
      "expo-status-bar": "~1.4.2",
      "react": "18.1.0",
      "react-native": "0.70.5",
      "redux": "^4.0.1",  
      "redux-thunk": "^2.3.0"
    },
    "devDependencies": {
      "@babel/core": "^7.12.9"
    },
    "private": true
  }

yarn manifest: 
  No manifest

Lockfile: 
  No lockfile
